=== Params ===
resultDir	usp_results
dataDir	usp
priorNumParam	-5.0
priorNumConj	-10.0

Gathering filenames ...
<PREPROC> Filenames gathered: 291 files
[Parse] read syntax ...
<TIME> Read parse 1s
[Parse] initial partition/clust/agenda ...
ERR: Multiple parents, skip np: cp=100:0:007 par=100:0:004 np=100:0:003
ERR: Multiple parents, skip np: cp=111:0:010 par=111:0:008 np=111:0:011
ERR: Multiple parents, skip np: cp=113:0:007 par=113:0:005 np=113:0:008
ERR: Multiple parents, skip np: cp=116:0:008 par=116:0:005 np=116:0:003
ERR: Multiple parents, skip np: cp=123:0:006 par=123:0:004 np=123:0:003
ERR: Multiple parents, skip np: cp=124:0:003 par=124:0:001 np=124:0:005
ERR: Multiple parents, skip np: cp=125:0:005 par=125:0:002 np=125:0:001
ERR: Multiple parents, skip np: cp=125:0:007 par=125:0:002 np=125:0:001
ERR: Multiple parents, skip np: cp=125:0:009 par=125:0:002 np=125:0:001
ERR: Multiple parents, skip np: cp=125:0:011 par=125:0:002 np=125:0:001
ERR: Multiple parents, skip np: cp=125:0:013 par=125:0:002 np=125:0:001
ERR: Multiple parents, skip np: cp=125:0:015 par=125:0:002 np=125:0:001
ERR: Multiple parents, skip np: cp=125:0:017 par=125:0:002 np=125:0:001
ERR: Multiple parents, skip np: cp=126:0:007 par=126:0:004 np=126:0:002
ERR: Multiple parents, skip np: cp=135:0:005 par=135:0:003 np=135:0:001
ERR: Multiple parents, skip np: cp=135:0:007 par=135:0:003 np=135:0:001
ERR: Multiple parents, skip np: cp=135:0:009 par=135:0:003 np=135:0:001
ERR: Multiple parents, skip np: cp=135:0:011 par=135:0:003 np=135:0:001
ERR: Multiple parents, skip np: cp=135:0:013 par=135:0:003 np=135:0:001
ERR: Multiple parents, skip np: cp=135:0:015 par=135:0:003 np=135:0:001
ERR: Multiple parents, skip np: cp=135:0:017 par=135:0:003 np=135:0:001
ERR: Multiple parents, skip np: cp=135:0:019 par=135:0:003 np=135:0:001
ERR: Multiple parents, skip np: cp=135:0:021 par=135:0:003 np=135:0:001
ERR: Multiple parents, skip np: cp=135:0:023 par=135:0:003 np=135:0:001
ERR: Multiple parents, skip np: cp=135:0:025 par=135:0:003 np=135:0:001
ERR: Multiple parents, skip np: cp=135:0:027 par=135:0:003 np=135:0:001
ERR: Multiple parents, skip np: cp=135:0:029 par=135:0:003 np=135:0:001
ERR: Multiple parents, skip np: cp=135:0:031 par=135:0:003 np=135:0:001
ERR: Multiple parents, skip np: cp=135:0:033 par=135:0:003 np=135:0:001
ERR: Multiple parents, skip np: cp=135:0:035 par=135:0:003 np=135:0:001
ERR: Multiple parents, skip np: cp=135:0:037 par=135:0:003 np=135:0:001
ERR: Multiple parents, skip np: cp=135:0:039 par=135:0:003 np=135:0:001
ERR: Multiple parents, skip np: cp=135:0:041 par=135:0:003 np=135:0:001
ERR: Multiple parents, skip np: cp=135:0:043 par=135:0:003 np=135:0:001
ERR: Multiple parents, skip np: cp=135:0:045 par=135:0:003 np=135:0:001
ERR: Multiple parents, skip np: cp=136:0:013 par=136:0:011 np=136:0:009
ERR: Multiple parents, skip np: cp=136:0:009 par=136:0:006 np=136:0:001
ERR: Multiple parents, skip np: cp=136:0:005 par=136:0:003 np=136:0:001
ERR: Multiple parents, skip np: cp=137:0:018 par=137:0:014 np=137:0:013
ERR: Multiple parents, skip np: cp=137:0:002 par=137:0:008 np=137:0:013
ERR: Multiple parents, skip np: cp=137:0:002 par=137:0:008 np=137:0:020
ERR: Multiple parents, skip np: cp=137:0:028 par=137:0:026 np=137:0:025
ERR: Multiple parents, skip np: cp=137:0:002 par=137:0:008 np=137:0:025
ERR: Multiple parents, skip np: cp=137:0:002 par=137:0:008 np=137:0:003
ERR: Multiple parents, skip np: cp=138:0:003 par=138:0:001 np=138:0:006
ERR: Multiple parents, skip np: cp=139:0:006 par=139:0:004 np=139:0:003
ERR: Multiple parents, skip np: cp=139:0:008 par=139:0:004 np=139:0:003
ERR: Multiple parents, skip np: cp=139:0:010 par=139:0:004 np=139:0:003
ERR: Multiple parents, skip np: cp=139:0:012 par=139:0:004 np=139:0:003
ERR: Multiple parents, skip np: cp=139:0:014 par=139:0:004 np=139:0:003
ERR: Multiple parents, skip np: cp=139:0:016 par=139:0:004 np=139:0:003
ERR: Multiple parents, skip np: cp=140:0:030 par=140:0:028 np=140:0:027
ERR: Multiple parents, skip np: cp=140:0:001 par=140:0:012 np=140:0:004
ERR: Multiple parents, skip np: cp=142:0:006 par=142:0:004 np=142:0:003
ERR: Multiple parents, skip np: cp=142:0:008 par=142:0:004 np=142:0:003
ERR: Multiple parents, skip np: cp=142:0:010 par=142:0:004 np=142:0:003
ERR: Multiple parents, skip np: cp=142:0:013 par=142:0:004 np=142:0:003
ERR: Multiple parents, skip np: cp=146:0:018 par=146:0:016 np=146:0:013
ERR: Multiple parents, skip np: cp=147:0:021 par=147:0:014 np=147:0:013
ERR: Multiple parents, skip np: cp=148:0:010 par=148:0:008 np=148:0:002
ERR: Multiple parents, skip np: cp=148:0:013 par=148:0:008 np=148:0:002
ERR: Multiple parents, skip np: cp=148:0:004 par=148:0:002 np=148:0:001
ERR: Multiple parents, skip np: cp=148:0:008 par=148:0:002 np=148:0:001
ERR: Multiple parents, skip np: cp=149:0:007 par=149:0:004 np=149:0:002
ERR: Multiple parents, skip np: cp=149:0:010 par=149:0:004 np=149:0:002
ERR: Multiple parents, skip np: cp=15:0:005 par=15:0:002 np=15:0:009
ERR: Multiple parents, skip np: cp=151:0:010 par=151:0:014 np=151:0:017
ERR: Multiple parents, skip np: cp=151:0:010 par=151:0:014 np=151:0:012
ERR: Multiple parents, skip np: cp=155:0:012 par=155:0:010 np=155:0:009
ERR: Multiple parents, skip np: cp=155:0:005 par=155:0:003 np=155:0:002
ERR: Multiple parents, skip np: cp=155:0:008 par=155:0:002 np=155:0:001
ERR: Multiple parents, skip np: cp=159:0:003 par=159:0:001 np=159:0:007
ERR: Multiple parents, skip np: cp=159:0:006 par=159:0:001 np=159:0:007
ERR: Multiple parents, skip np: cp=16:0:005 par=16:0:002 np=16:0:008
ERR: Multiple parents, skip np: cp=160:0:006 par=160:0:003 np=160:0:008
ERR: Multiple parents, skip np: cp=162:0:003 par=162:0:001 np=162:0:009
ERR: Multiple parents, skip np: cp=162:0:006 par=162:0:001 np=162:0:009
ERR: Multiple parents, skip np: cp=163:0:003 par=163:0:001 np=163:0:007
ERR: Multiple parents, skip np: cp=163:0:006 par=163:0:001 np=163:0:007
ERR: Multiple parents, skip np: cp=164:0:003 par=164:0:001 np=164:0:008
ERR: Multiple parents, skip np: cp=164:0:006 par=164:0:001 np=164:0:008
ERR: Multiple parents, skip np: cp=165:0:004 par=165:0:002 np=165:0:005
ERR: Multiple parents, skip np: cp=167:0:003 par=167:0:001 np=167:0:004
ERR: Multiple parents, skip np: cp=168:0:003 par=168:0:001 np=168:0:005
ERR: Multiple parents, skip np: cp=169:0:004 par=169:0:002 np=169:0:006
ERR: Multiple parents, skip np: cp=170:0:018 par=170:0:016 np=170:0:013
ERR: Multiple parents, skip np: cp=171:0:012 par=171:0:010 np=171:0:009
ERR: Multiple parents, skip np: cp=171:0:005 par=171:0:003 np=171:0:002
ERR: Multiple parents, skip np: cp=171:0:008 par=171:0:002 np=171:0:001
ERR: Multiple parents, skip np: cp=172:0:010 par=172:0:008 np=172:0:005
ERR: Multiple parents, skip np: cp=173:0:015 par=173:0:013 np=173:0:012
ERR: Multiple parents, skip np: cp=173:0:008 par=173:0:006 np=173:0:005
ERR: Multiple parents, skip np: cp=173:0:012 par=173:0:005 np=173:0:003
ERR: Multiple parents, skip np: cp=174:0:007 par=174:0:004 np=174:0:002
ERR: Multiple parents, skip np: cp=175:0:005 par=175:0:003 np=175:0:001
ERR: Multiple parents, skip np: cp=181:0:004 par=181:0:002 np=181:0:001
ERR: Multiple parents, skip np: cp=181:0:006 par=181:0:002 np=181:0:001
ERR: Multiple parents, skip np: cp=182:0:006 par=182:0:004 np=182:0:003
ERR: Multiple parents, skip np: cp=182:0:008 par=182:0:004 np=182:0:003
ERR: Multiple parents, skip np: cp=183:0:004 par=183:0:002 np=183:0:001
ERR: Multiple parents, skip np: cp=184:0:004 par=184:0:003 np=184:0:014
ERR: Multiple parents, skip np: cp=185:0:007 par=185:0:005 np=185:0:003
ERR: Multiple parents, skip np: cp=185:0:009 par=185:0:005 np=185:0:003
ERR: Multiple parents, skip np: cp=189:0:013 par=189:0:009 np=189:0:007
ERR: Multiple parents, skip np: cp=189:0:017 par=189:0:009 np=189:0:007
ERR: Multiple parents, skip np: cp=189:0:021 par=189:0:009 np=189:0:007
ERR: Multiple parents, skip np: cp=190:0:014 par=190:0:011 np=190:0:007
ERR: Multiple parents, skip np: cp=194:0:024 par=194:0:020 np=194:0:018
ERR: Multiple parents, skip np: cp=194:0:001 par=194:0:018 np=194:0:004
ERR: Multiple parents, skip np: cp=195:0:008 par=195:0:005 np=195:0:009
ERR: Multiple parents, skip np: cp=196:0:037 par=196:0:035 np=196:0:016
ERR: Multiple parents, skip np: cp=196:0:039 par=196:0:035 np=196:0:016
ERR: Multiple parents, skip np: cp=196:0:041 par=196:0:035 np=196:0:016
ERR: Multiple parents, skip np: cp=196:0:046 par=196:0:016 np=196:0:002
ERR: Multiple parents, skip np: cp=197:0:001 par=197:0:011 np=197:0:003
ERR: Multiple parents, skip np: cp=199:0:002 par=199:0:007 np=199:0:004
ERR: Multiple parents, skip np: cp=202:0:016 par=202:0:014 np=202:0:022
ERR: Multiple parents, skip np: cp=202:0:019 par=202:0:014 np=202:0:022
ERR: Multiple parents, skip np: cp=202:0:021 par=202:0:014 np=202:0:022
ERR: Multiple parents, skip np: cp=202:0:003 par=202:0:001 np=202:0:011
ERR: Multiple parents, skip np: cp=202:0:005 par=202:0:001 np=202:0:011
ERR: Multiple parents, skip np: cp=202:0:007 par=202:0:001 np=202:0:011
ERR: Multiple parents, skip np: cp=202:0:009 par=202:0:001 np=202:0:011
ERR: Multiple parents, skip np: cp=205:0:023 par=205:0:021 np=205:0:019
ERR: Multiple parents, skip np: cp=205:0:025 par=205:0:021 np=205:0:019
ERR: Multiple parents, skip np: cp=205:0:027 par=205:0:021 np=205:0:019
ERR: Multiple parents, skip np: cp=206:0:031 par=206:0:029 np=206:0:040
ERR: Multiple parents, skip np: cp=206:0:033 par=206:0:029 np=206:0:040
ERR: Multiple parents, skip np: cp=206:0:035 par=206:0:029 np=206:0:040
ERR: Multiple parents, skip np: cp=206:0:038 par=206:0:029 np=206:0:040
ERR: Multiple parents, skip np: cp=206:0:014 par=206:0:012 np=206:0:017
ERR: Multiple parents, skip np: cp=206:0:016 par=206:0:012 np=206:0:017
ERR: Multiple parents, skip np: cp=207:0:017 par=207:0:011 np=207:0:001
ERR: Multiple parents, skip np: cp=207:0:022 par=207:0:011 np=207:0:001
ERR: Multiple parents, skip np: cp=207:0:028 par=207:0:011 np=207:0:001
ERR: Multiple parents, skip np: cp=207:0:033 par=207:0:011 np=207:0:001
ERR: Multiple parents, skip np: cp=207:0:038 par=207:0:011 np=207:0:001
ERR: Multiple parents, skip np: cp=207:0:043 par=207:0:011 np=207:0:001
ERR: Multiple parents, skip np: cp=207:0:048 par=207:0:011 np=207:0:001
ERR: Multiple parents, skip np: cp=207:0:053 par=207:0:011 np=207:0:001
ERR: Multiple parents, skip np: cp=208:0:019 par=208:0:015 np=208:0:002
ERR: Multiple parents, skip np: cp=208:0:023 par=208:0:015 np=208:0:002
ERR: Multiple parents, skip np: cp=208:0:027 par=208:0:015 np=208:0:002
ERR: Multiple parents, skip np: cp=209:0:009 par=209:0:006 np=209:0:003
ERR: Multiple parents, skip np: cp=21:0:004 par=21:0:002 np=21:0:001
ERR: Multiple parents, skip np: cp=210:0:014 par=210:0:011 np=210:0:007
ERR: Multiple parents, skip np: cp=212:0:003 par=212:0:001 np=212:0:001
ERR: Multiple parents, skip np: cp=212:0:003 par=212:0:001 np=212:0:004
ERR: Multiple parents, skip np: cp=212:0:004 par=212:0:005 np=212:0:010
ERR: Multiple parents, skip np: cp=213:0:017 par=213:0:006 np=213:0:002
ERR: Multiple parents, skip np: cp=217:0:025 par=217:0:023 np=217:0:018
ERR: Multiple parents, skip np: cp=217:0:027 par=217:0:023 np=217:0:018
ERR: Multiple parents, skip np: cp=218:0:014 par=218:0:012 np=218:0:015
ERR: Multiple parents, skip np: cp=22:0:003 par=22:0:001 np=22:0:011
ERR: Multiple parents, skip np: cp=22:0:005 par=22:0:001 np=22:0:011
ERR: Multiple parents, skip np: cp=22:0:007 par=22:0:001 np=22:0:011
ERR: Multiple parents, skip np: cp=22:0:009 par=22:0:001 np=22:0:011
ERR: Multiple parents, skip np: cp=220:0:003 par=220:0:001 np=220:0:006
ERR: Multiple parents, skip np: cp=223:0:003 par=223:0:001 np=223:0:006
ERR: Multiple parents, skip np: cp=224:0:008 par=224:0:006 np=224:0:001
ERR: Multiple parents, skip np: cp=224:0:010 par=224:0:006 np=224:0:001
ERR: Multiple parents, skip np: cp=224:0:012 par=224:0:006 np=224:0:001
ERR: Multiple parents, skip np: cp=224:0:014 par=224:0:006 np=224:0:001
ERR: Multiple parents, skip np: cp=224:0:016 par=224:0:006 np=224:0:001
ERR: Multiple parents, skip np: cp=225:0:006 par=225:0:004 np=225:0:002
ERR: Multiple parents, skip np: cp=225:0:008 par=225:0:004 np=225:0:002
ERR: Multiple parents, skip np: cp=226:0:007 par=226:0:005 np=226:0:002
ERR: Multiple parents, skip np: cp=227:0:007 par=227:0:005 np=227:0:002
ERR: Multiple parents, skip np: cp=228:0:007 par=228:0:004 np=228:0:001
ERR: Multiple parents, skip np: cp=228:0:009 par=228:0:004 np=228:0:001
ERR: Multiple parents, skip np: cp=228:0:011 par=228:0:004 np=228:0:001
ERR: Multiple parents, skip np: cp=228:0:013 par=228:0:004 np=228:0:001
ERR: Multiple parents, skip np: cp=228:0:016 par=228:0:004 np=228:0:001
ERR: Multiple parents, skip np: cp=228:0:019 par=228:0:004 np=228:0:001
ERR: Multiple parents, skip np: cp=228:0:022 par=228:0:004 np=228:0:001
ERR: Multiple parents, skip np: cp=228:0:024 par=228:0:004 np=228:0:001
ERR: Multiple parents, skip np: cp=228:0:026 par=228:0:004 np=228:0:001
ERR: Multiple parents, skip np: cp=228:0:031 par=228:0:004 np=228:0:001
ERR: Multiple parents, skip np: cp=228:0:034 par=228:0:004 np=228:0:001
ERR: Multiple parents, skip np: cp=228:0:037 par=228:0:004 np=228:0:001
ERR: Multiple parents, skip np: cp=228:0:041 par=228:0:004 np=228:0:001
ERR: Multiple parents, skip np: cp=228:0:044 par=228:0:004 np=228:0:001
ERR: Multiple parents, skip np: cp=228:0:046 par=228:0:004 np=228:0:001
ERR: Multiple parents, skip np: cp=228:0:049 par=228:0:004 np=228:0:001
ERR: Multiple parents, skip np: cp=228:0:051 par=228:0:004 np=228:0:001
ERR: Multiple parents, skip np: cp=23:0:003 par=23:0:001 np=23:0:007
ERR: Multiple parents, skip np: cp=23:0:005 par=23:0:001 np=23:0:007
ERR: Multiple parents, skip np: cp=230:0:034 par=230:0:029 np=230:0:009
ERR: Multiple parents, skip np: cp=231:0:003 par=231:0:001 np=231:0:001
ERR: Multiple parents, skip np: cp=231:0:003 par=231:0:001 np=231:0:004
ERR: Multiple parents, skip np: cp=231:0:004 par=231:0:005 np=231:0:010
ERR: Multiple parents, skip np: cp=232:0:017 par=232:0:006 np=232:0:002
ERR: Multiple parents, skip np: cp=236:0:025 par=236:0:023 np=236:0:018
ERR: Multiple parents, skip np: cp=236:0:027 par=236:0:023 np=236:0:018
ERR: Multiple parents, skip np: cp=237:0:014 par=237:0:012 np=237:0:015
ERR: Multiple parents, skip np: cp=239:0:003 par=239:0:001 np=239:0:006
ERR: Multiple parents, skip np: cp=242:0:003 par=242:0:001 np=242:0:006
ERR: Multiple parents, skip np: cp=243:0:008 par=243:0:006 np=243:0:001
ERR: Multiple parents, skip np: cp=243:0:010 par=243:0:006 np=243:0:001
ERR: Multiple parents, skip np: cp=243:0:012 par=243:0:006 np=243:0:001
ERR: Multiple parents, skip np: cp=243:0:014 par=243:0:006 np=243:0:001
ERR: Multiple parents, skip np: cp=243:0:016 par=243:0:006 np=243:0:001
ERR: Multiple parents, skip np: cp=244:0:006 par=244:0:004 np=244:0:002
ERR: Multiple parents, skip np: cp=244:0:008 par=244:0:004 np=244:0:002
ERR: Multiple parents, skip np: cp=245:0:007 par=245:0:005 np=245:0:002
ERR: Multiple parents, skip np: cp=246:0:007 par=246:0:005 np=246:0:002
ERR: Multiple parents, skip np: cp=247:0:007 par=247:0:004 np=247:0:001
ERR: Multiple parents, skip np: cp=247:0:009 par=247:0:004 np=247:0:001
ERR: Multiple parents, skip np: cp=247:0:011 par=247:0:004 np=247:0:001
ERR: Multiple parents, skip np: cp=247:0:013 par=247:0:004 np=247:0:001
ERR: Multiple parents, skip np: cp=247:0:016 par=247:0:004 np=247:0:001
ERR: Multiple parents, skip np: cp=247:0:019 par=247:0:004 np=247:0:001
ERR: Multiple parents, skip np: cp=247:0:022 par=247:0:004 np=247:0:001
ERR: Multiple parents, skip np: cp=247:0:024 par=247:0:004 np=247:0:001
ERR: Multiple parents, skip np: cp=247:0:026 par=247:0:004 np=247:0:001
ERR: Multiple parents, skip np: cp=247:0:031 par=247:0:004 np=247:0:001
ERR: Multiple parents, skip np: cp=247:0:034 par=247:0:004 np=247:0:001
ERR: Multiple parents, skip np: cp=247:0:037 par=247:0:004 np=247:0:001
ERR: Multiple parents, skip np: cp=247:0:041 par=247:0:004 np=247:0:001
ERR: Multiple parents, skip np: cp=247:0:044 par=247:0:004 np=247:0:001
ERR: Multiple parents, skip np: cp=247:0:046 par=247:0:004 np=247:0:001
ERR: Multiple parents, skip np: cp=247:0:049 par=247:0:004 np=247:0:001
ERR: Multiple parents, skip np: cp=247:0:051 par=247:0:004 np=247:0:001
ERR: Multiple parents, skip np: cp=249:0:034 par=249:0:029 np=249:0:009
ERR: Multiple parents, skip np: cp=251:0:015 par=251:0:013 np=251:0:011
ERR: Multiple parents, skip np: cp=252:0:001 par=252:0:022 np=252:0:002
ERR: Multiple parents, skip np: cp=253:0:015 par=253:0:013 np=253:0:011
ERR: Multiple parents, skip np: cp=253:0:001 par=253:0:011 np=253:0:003
ERR: Multiple parents, skip np: cp=254:0:015 par=254:0:012 np=254:0:010
ERR: Multiple parents, skip np: cp=256:0:011 par=256:0:008 np=256:0:006
ERR: Multiple parents, skip np: cp=264:0:014 par=264:0:011 np=264:0:008
ERR: Multiple parents, skip np: cp=265:0:014 par=265:0:011 np=265:0:008
ERR: Multiple parents, skip np: cp=266:0:010 par=266:0:007 np=266:0:004
ERR: Multiple parents, skip np: cp=276:0:025 par=276:0:023 np=276:0:015
ERR: Multiple parents, skip np: cp=278:0:005 par=278:0:003 np=278:0:006
ERR: Multiple parents, skip np: cp=279:0:003 par=279:0:001 np=279:0:005
ERR: Multiple parents, skip np: cp=280:0:003 par=280:0:001 np=280:0:010
ERR: Multiple parents, skip np: cp=280:0:005 par=280:0:001 np=280:0:010
ERR: Multiple parents, skip np: cp=280:0:007 par=280:0:001 np=280:0:010
ERR: Multiple parents, skip np: cp=281:0:007 par=281:0:004 np=281:0:002
ERR: Multiple parents, skip np: cp=281:0:010 par=281:0:004 np=281:0:002
ERR: Multiple parents, skip np: cp=282:0:012 par=282:0:010 np=282:0:008
ERR: Multiple parents, skip np: cp=282:0:014 par=282:0:010 np=282:0:008
ERR: Multiple parents, skip np: cp=282:0:016 par=282:0:010 np=282:0:008
ERR: Multiple parents, skip np: cp=284:0:003 par=284:0:001 np=284:0:008
ERR: Multiple parents, skip np: cp=284:0:005 par=284:0:001 np=284:0:008
ERR: Multiple parents, skip np: cp=285:0:003 par=285:0:001 np=285:0:006
ERR: Multiple parents, skip np: cp=286:0:003 par=286:0:001 np=286:0:006
ERR: Multiple parents, skip np: cp=287:0:003 par=287:0:001 np=287:0:006
ERR: Multiple parents, skip np: cp=288:0:003 par=288:0:001 np=288:0:006
ERR: Multiple parents, skip np: cp=34:0:006 par=34:0:003 np=34:0:008
ERR: Multiple parents, skip np: cp=35:0:009 par=35:0:007 np=35:0:006
ERR: Multiple parents, skip np: cp=35:0:001 par=35:0:006 np=35:0:002
ERR: Multiple parents, skip np: cp=36:0:014 par=36:0:012 np=36:0:008
ERR: Multiple parents, skip np: cp=38:0:006 par=38:0:002 np=38:0:008
ERR: Multiple parents, skip np: cp=44:0:011 par=44:0:009 np=44:0:012
ERR: Multiple parents, skip np: cp=48:0:003 par=48:0:001 np=48:0:005
ERR: Multiple parents, skip np: cp=49:0:003 par=49:0:001 np=49:0:005
ERR: Multiple parents, skip np: cp=50:0:003 par=50:0:001 np=50:0:005
ERR: Multiple parents, skip np: cp=51:0:003 par=51:0:001 np=51:0:005
ERR: Multiple parents, skip np: cp=52:0:014 par=52:0:005 np=52:0:001
ERR: Multiple parents, skip np: cp=64:0:004 par=64:0:002 np=64:0:001
ERR: Multiple parents, skip np: cp=64:0:006 par=64:0:002 np=64:0:001
ERR: Multiple parents, skip np: cp=65:0:006 par=65:0:004 np=65:0:003
ERR: Multiple parents, skip np: cp=65:0:008 par=65:0:004 np=65:0:003
ERR: Multiple parents, skip np: cp=65:0:010 par=65:0:004 np=65:0:003
ERR: Multiple parents, skip np: cp=65:0:012 par=65:0:004 np=65:0:003
ERR: Multiple parents, skip np: cp=65:0:014 par=65:0:004 np=65:0:003
ERR: Multiple parents, skip np: cp=65:0:016 par=65:0:004 np=65:0:003
ERR: Multiple parents, skip np: cp=65:0:018 par=65:0:004 np=65:0:003
ERR: Multiple parents, skip np: cp=65:0:020 par=65:0:004 np=65:0:003
ERR: Multiple parents, skip np: cp=65:0:022 par=65:0:004 np=65:0:003
ERR: Multiple parents, skip np: cp=70:0:004 par=70:0:001 np=70:0:007
ERR: Multiple parents, skip np: cp=72:0:004 par=72:0:001 np=72:0:005
ERR: Multiple parents, skip np: cp=75:0:003 par=75:0:004 np=75:0:006
ERR: Multiple parents, skip np: cp=75:0:006 par=75:0:004 np=75:0:001
ERR: Multiple parents, skip np: cp=77:0:003 par=77:0:001 np=77:0:004
ERR: Multiple parents, skip np: cp=8:0:029 par=8:0:022 np=8:0:019
ERR: Multiple parents, skip np: cp=82:0:023 par=82:0:021 np=82:0:009
ERR: Multiple parents, skip np: cp=83:0:017 par=83:0:015 np=83:0:013
ERR: Multiple parents, skip np: cp=83:0:023 par=83:0:020 np=83:0:005
ERR: Multiple parents, skip np: cp=84:0:015 par=84:0:012 np=84:0:017
ERR: Multiple parents, skip np: cp=87:0:003 par=87:0:001 np=87:0:008
ERR: Multiple parents, skip np: cp=87:0:005 par=87:0:001 np=87:0:008
ERR: Multiple parents, skip np: cp=89:0:010 par=89:0:008 np=89:0:002
ERR: Multiple parents, skip np: cp=89:0:013 par=89:0:008 np=89:0:002
ERR: Multiple parents, skip np: cp=89:0:004 par=89:0:002 np=89:0:001
ERR: Multiple parents, skip np: cp=89:0:008 par=89:0:002 np=89:0:001
ERR: Multiple parents, skip np: cp=9:0:001 par=9:0:007 np=9:0:002
ERR: Multiple parents, skip np: cp=9:0:004 par=9:0:006 np=9:0:003
ERR: Multiple parents, skip np: cp=9:0:006 par=9:0:007 np=9:0:003
ERR: Multiple parents, skip np: cp=90:0:005 par=90:0:002 np=90:0:007
ERR: Multiple parents, skip np: cp=91:0:016 par=91:0:014 np=91:0:010
ERR: Multiple parents, skip np: cp=93:0:022 par=93:0:015 np=93:0:031
ERR: Multiple parents, skip np: cp=93:0:029 par=93:0:015 np=93:0:031
ERR: Multiple parents, skip np: cp=93:0:031 par=93:0:009 np=93:0:001
ERR: Multiple parents, skip np: cp=93:0:037 par=93:0:009 np=93:0:001
ERR: Multiple parents, skip np: cp=93:0:043 par=93:0:009 np=93:0:001
ERR: Multiple parents, skip np: cp=93:0:049 par=93:0:009 np=93:0:001
ERR: Multiple parents, skip np: cp=95:0:001 par=95:0:004 np=95:0:005
<INFO> numSent=291 numTkn=3713
<TIME> Init 0s
<TIME> Merge args 0s
<INFO> Create initial agenda ... clust=613
<TIME> Create agenda 0s
<ProcAgenda> ...
<INFO> Initial agenda MC=3046 ABS=363
<INFO> Initial agenda to score=0
<INFO> Agenda scored=0 (0s)
<INFO> Agenda MC executed=0 (0s)
<INFO> Agenda Compose executed=0 (0s)
<TIME> Proc agenda 0s
